<?xml version="1.0" encoding="UTF-8"?>
<testsuites>
  <testsuite name="Project Test Suite" tests="5" assertions="28" failures="0" errors="0" time="0.925338">
    <testsuite name="GetAddressClientTest" file="/Users/pete/workspace/getaddress/tests/GetAddressClientTest.php" tests="5" assertions="28" failures="0" errors="0" time="0.925338">
      <testcase name="testWithoutApikey" class="GetAddressClientTest" file="/Users/pete/workspace/getaddress/tests/GetAddressClientTest.php" line="14" assertions="2" time="0.002055"/>
      <testcase name="testLookupWithInvalidApikey" class="GetAddressClientTest" file="/Users/pete/workspace/getaddress/tests/GetAddressClientTest.php" line="26" assertions="2" time="0.203636"/>
      <testcase name="testParseResponse" class="GetAddressClientTest" file="/Users/pete/workspace/getaddress/tests/GetAddressClientTest.php" line="33" assertions="11" time="0.003447"/>
      <testcase name="testLookup" class="GetAddressClientTest" file="/Users/pete/workspace/getaddress/tests/GetAddressClientTest.php" line="48" assertions="11" time="0.310361"/>
      <testcase name="testLookupWithHouseName" class="GetAddressClientTest" file="/Users/pete/workspace/getaddress/tests/GetAddressClientTest.php" line="67" assertions="2" time="0.405839"/>
    </testsuite>
  </testsuite>
</testsuites>
